CRITICAL WARNING: [Designutils 20-1307] Command 'get' is not supported in the xdc constraint file. [/home/sjlee/2507_keti_bnn_riscv/rvx_install/mini_git/imp_class_info/edge-19p/pinmap/hdmi_rx.xdc:26]
CRITICAL WARNING: [Common 17-163] Missing value for option 'objects', please type 'set_input_delay -help' for usage info. [/home/sjlee/2507_keti_bnn_riscv/rvx_install/mini_git/imp_class_info/edge-19p/pinmap/clk_and_rst.xdc:32]
CRITICAL WARNING: [Common 17-163] Missing value for option 'objects', please type 'set_input_delay -help' for usage info. [/home/sjlee/2507_keti_bnn_riscv/rvx_install/mini_git/imp_class_info/edge-19p/pinmap/clk_and_rst.xdc:48]
CRITICAL WARNING: [Vivado 12-4739] create_clock:No valid object(s) found for '-objects [get_ports CIS_PCLK]'. [/home/sjlee/2507_keti_bnn_riscv/rvx_install/mini_git/imp_class_info/edge-19p/pinmap/cis.xdc:18]
CRITICAL WARNING: [Vivado 12-4739] create_clock:No valid object(s) found for '-objects [get_ports spi_flash_sclk]'. [/home/sjlee/2507_keti_bnn_riscv/rvx_install/mini_git/imp_class_info/edge-19p/pinmap/spi_flash.xdc:30]
CRITICAL WARNING: [Vivado 12-4739] create_clock:No valid object(s) found for '-objects [get_ports c2_sys_clk_p]'. [/home/sjlee/2507_keti_bnn_riscv/rvx_install/mini_git/imp_class_info/edge-19p/pinmap/ddr3.xdc:107]
CRITICAL WARNING: [Vivado 12-4739] create_clock:No valid object(s) found for '-objects [get_ports LPSDR_CLK_FB]'. [/home/sjlee/2507_keti_bnn_riscv/rvx_install/mini_git/imp_class_info/edge-19p/pinmap/lpsdram.xdc:19]
CRITICAL WARNING: [Vivado 12-4739] set_input_delay:No valid object(s) found for '-objects [get_ports {LPSDR_DQ[*]}]'. [/home/sjlee/2507_keti_bnn_riscv/rvx_install/mini_git/imp_class_info/edge-19p/pinmap/lpsdram.xdc:154]
CRITICAL WARNING: [Vivado 12-4739] set_output_delay:No valid object(s) found for '-objects [get_ports LPSDR_CKE*]'. [/home/sjlee/2507_keti_bnn_riscv/rvx_install/mini_git/imp_class_info/edge-19p/pinmap/lpsdram.xdc:155]
CRITICAL WARNING: [Vivado 12-4739] set_output_delay:No valid object(s) found for '-objects [get_ports LPSDR_CS*_N]'. [/home/sjlee/2507_keti_bnn_riscv/rvx_install/mini_git/imp_class_info/edge-19p/pinmap/lpsdram.xdc:156]
CRITICAL WARNING: [Vivado 12-4739] set_output_delay:No valid object(s) found for '-objects [get_ports LPSDR_RAS_N]'. [/home/sjlee/2507_keti_bnn_riscv/rvx_install/mini_git/imp_class_info/edge-19p/pinmap/lpsdram.xdc:157]
CRITICAL WARNING: [Vivado 12-4739] set_output_delay:No valid object(s) found for '-objects [get_ports LPSDR_CAS_N]'. [/home/sjlee/2507_keti_bnn_riscv/rvx_install/mini_git/imp_class_info/edge-19p/pinmap/lpsdram.xdc:158]
CRITICAL WARNING: [Vivado 12-4739] set_output_delay:No valid object(s) found for '-objects [get_ports LPSDR_WE_N]'. [/home/sjlee/2507_keti_bnn_riscv/rvx_install/mini_git/imp_class_info/edge-19p/pinmap/lpsdram.xdc:159]
CRITICAL WARNING: [Vivado 12-4739] set_output_delay:No valid object(s) found for '-objects [get_ports {LPSDR_A[*]}]'. [/home/sjlee/2507_keti_bnn_riscv/rvx_install/mini_git/imp_class_info/edge-19p/pinmap/lpsdram.xdc:160]
CRITICAL WARNING: [Vivado 12-4739] set_output_delay:No valid object(s) found for '-objects [get_ports {LPSDR_BA[*]}]'. [/home/sjlee/2507_keti_bnn_riscv/rvx_install/mini_git/imp_class_info/edge-19p/pinmap/lpsdram.xdc:161]
CRITICAL WARNING: [Vivado 12-4739] set_output_delay:No valid object(s) found for '-objects [get_ports {LPSDR_DQM[*]}]'. [/home/sjlee/2507_keti_bnn_riscv/rvx_install/mini_git/imp_class_info/edge-19p/pinmap/lpsdram.xdc:162]
CRITICAL WARNING: [Vivado 12-4739] set_output_delay:No valid object(s) found for '-objects [get_ports {LPSDR_DQ[*]}]'. [/home/sjlee/2507_keti_bnn_riscv/rvx_install/mini_git/imp_class_info/edge-19p/pinmap/lpsdram.xdc:163]
CRITICAL WARNING: [Vivado 12-4739] set_false_path:No valid object(s) found for '-to [get_ports LPSDR_CLK]'. [/home/sjlee/2507_keti_bnn_riscv/rvx_install/mini_git/imp_class_info/edge-19p/pinmap/lpsdram.xdc:165]
CRITICAL WARNING: [Vivado 12-4739] create_clock:No valid object(s) found for '-objects [get_ports HDMI_RX_DCK]'. [/home/sjlee/2507_keti_bnn_riscv/rvx_install/mini_git/imp_class_info/edge-19p/pinmap/hdmi_rx.xdc:21]
CRITICAL WARNING: [Vivado 12-4739] create_clock:No valid object(s) found for '-objects [get_pins i_platform/i_rtl/i_edge_video_system/i_video/i_bufg_hdmi_rx/O]'. [/home/sjlee/2507_keti_bnn_riscv/rvx_install/mini_git/imp_class_info/edge-19p/pinmap/hdmi_rx.xdc:24]
CRITICAL WARNING: [Vivado 12-4739] set_clock_sense:No valid object(s) found for '-pins [get_pins i_platform/i_rtl/i_edge_video_system/i_video/i_bufg_hdmi_rx/O]'. [/home/sjlee/2507_keti_bnn_riscv/rvx_install/mini_git/imp_class_info/edge-19p/pinmap/hdmi_rx.xdc:25]
CRITICAL WARNING: [Designutils 20-1307] Command 'get' is not supported in the xdc constraint file. [/home/sjlee/2507_keti_bnn_riscv/rvx_install/mini_git/imp_class_info/edge-19p/pinmap/hdmi_rx.xdc:26]
CRITICAL WARNING: [Common 17-163] Missing value for option 'objects', please type 'set_input_delay -help' for usage info. [/home/sjlee/2507_keti_bnn_riscv/rvx_install/mini_git/imp_class_info/edge-19p/pinmap/clk_and_rst.xdc:32]
CRITICAL WARNING: [Vivado 12-4739] create_clock:No valid object(s) found for '-objects [get_pins i_platform/i_pll0/i_bufg0/O]'. [/home/sjlee/2507_keti_bnn_riscv/rvx_install/mini_git/imp_class_info/edge-19p/pinmap/clk_and_rst.xdc:38]
CRITICAL WARNING: [Vivado 12-4739] create_clock:No valid object(s) found for '-objects [get_pins i_platform/i_pll0/i_bufg1/O]'. [/home/sjlee/2507_keti_bnn_riscv/rvx_install/mini_git/imp_class_info/edge-19p/pinmap/clk_and_rst.xdc:39]
CRITICAL WARNING: [Vivado 12-4739] create_clock:No valid object(s) found for '-objects [get_ports external_clk_1]'. [/home/sjlee/2507_keti_bnn_riscv/rvx_install/mini_git/imp_class_info/edge-19p/pinmap/clk_and_rst.xdc:47]
CRITICAL WARNING: [Common 17-163] Missing value for option 'objects', please type 'set_input_delay -help' for usage info. [/home/sjlee/2507_keti_bnn_riscv/rvx_install/mini_git/imp_class_info/edge-19p/pinmap/clk_and_rst.xdc:48]
CRITICAL WARNING: [Vivado 12-4739] set_input_jitter:No valid object(s) found for '-clock [get_clocks -of_objects [get_ports external_clk_1]]'. [/home/sjlee/2507_keti_bnn_riscv/rvx_install/mini_git/imp_class_info/edge-19p/pinmap/clk_and_rst.xdc:49]
CRITICAL WARNING: [Vivado 12-4739] create_clock:No valid object(s) found for '-objects [get_ports c3_sys_clk_p]'. [/home/sjlee/2507_keti_bnn_riscv/rvx_install/mini_git/imp_class_info/edge-19p/pinmap/clk_and_rst.xdc:54]
CRITICAL WARNING: [Vivado 12-4739] set_input_jitter:No valid object(s) found for '-clock [get_clocks -of_objects [get_ports c3_sys_clk_p]]'. [/home/sjlee/2507_keti_bnn_riscv/rvx_install/mini_git/imp_class_info/edge-19p/pinmap/clk_and_rst.xdc:55]