WARNING: [Synth 8-10940] macro 'MUNOC_LDEF_1' is redefined [/home/sjlee/2507_keti_bnn_riscv/rvx_hwlib/munoc/src/munoc_module_03.v:91]
WARNING: [Synth 8-10940] macro 'MUNOC_LDEF_0' is redefined [/home/sjlee/2507_keti_bnn_riscv/rvx_hwlib/munoc/src/munoc_module_03.v:92]
WARNING: [Synth 8-10940] macro 'MUNOC_LDEF_2' is redefined [/home/sjlee/2507_keti_bnn_riscv/rvx_hwlib/munoc/src/munoc_module_03.v:93]
WARNING: [Synth 8-10940] macro 'MUNOC_LDEF_5' is redefined [/home/sjlee/2507_keti_bnn_riscv/rvx_hwlib/munoc/src/munoc_module_03.v:94]
WARNING: [Synth 8-10940] macro 'MUNOC_LDEF_4' is redefined [/home/sjlee/2507_keti_bnn_riscv/rvx_hwlib/munoc/src/munoc_module_03.v:95]
WARNING: [Synth 8-10940] macro 'MUNOC_LDEF_3' is redefined [/home/sjlee/2507_keti_bnn_riscv/rvx_hwlib/munoc/src/munoc_module_03.v:102]
WARNING: [Synth 8-6014] Unused sequential element munoc_signal_02_reg was removed.  [/home/sjlee/2507_keti_bnn_riscv/rvx_hwlib/munoc/src/munoc_module_16.v:464]
WARNING: [Synth 8-6014] Unused sequential element munoc_signal_61_reg was removed.  [/home/sjlee/2507_keti_bnn_riscv/rvx_hwlib/munoc/src/munoc_module_20.v:347]
WARNING: [Synth 8-6014] Unused sequential element munoc_signal_28_reg was removed.  [/home/sjlee/2507_keti_bnn_riscv/rvx_hwlib/munoc/src/munoc_module_20.v:348]
WARNING: [Synth 8-6014] Unused sequential element munoc_signal_48_reg was removed.  [/home/sjlee/2507_keti_bnn_riscv/rvx_hwlib/munoc/src/munoc_module_20.v:425]
WARNING: [Synth 8-6014] Unused sequential element munoc_signal_19_reg was removed.  [/home/sjlee/2507_keti_bnn_riscv/rvx_hwlib/munoc/src/munoc_module_20.v:426]
WARNING: [Synth 8-6014] Unused sequential element munoc_signal_61_reg was removed.  [/home/sjlee/2507_keti_bnn_riscv/rvx_hwlib/munoc/src/munoc_module_20.v:347]
WARNING: [Synth 8-6014] Unused sequential element munoc_signal_28_reg was removed.  [/home/sjlee/2507_keti_bnn_riscv/rvx_hwlib/munoc/src/munoc_module_20.v:348]
WARNING: [Synth 8-6014] Unused sequential element munoc_signal_48_reg was removed.  [/home/sjlee/2507_keti_bnn_riscv/rvx_hwlib/munoc/src/munoc_module_20.v:425]
WARNING: [Synth 8-6014] Unused sequential element munoc_signal_19_reg was removed.  [/home/sjlee/2507_keti_bnn_riscv/rvx_hwlib/munoc/src/munoc_module_20.v:426]
WARNING: [Vivado 12-584] No ports matched 'oled_scs'. [/home/sjlee/2507_keti_bnn_riscv/rvx_install/mini_git/imp_class_info/edge-19p/pinmap/oled.xdc:57]
WARNING: [Vivado 12-584] No ports matched 'oled_sdq0'. [/home/sjlee/2507_keti_bnn_riscv/rvx_install/mini_git/imp_class_info/edge-19p/pinmap/oled.xdc:58]
WARNING: [Vivado 12-584] No ports matched 'oled_sdq1'. [/home/sjlee/2507_keti_bnn_riscv/rvx_install/mini_git/imp_class_info/edge-19p/pinmap/oled.xdc:59]
WARNING: [Vivado 12-584] No ports matched 'oled_sclk'. [/home/sjlee/2507_keti_bnn_riscv/rvx_install/mini_git/imp_class_info/edge-19p/pinmap/oled.xdc:60]
WARNING: [Vivado 12-584] No ports matched 'oled_sdcsel'. [/home/sjlee/2507_keti_bnn_riscv/rvx_install/mini_git/imp_class_info/edge-19p/pinmap/oled.xdc:62]
WARNING: [Vivado 12-584] No ports matched 'oled_srstnn'. [/home/sjlee/2507_keti_bnn_riscv/rvx_install/mini_git/imp_class_info/edge-19p/pinmap/oled.xdc:63]
WARNING: [Vivado 12-584] No ports matched 'oled_svbat'. [/home/sjlee/2507_keti_bnn_riscv/rvx_install/mini_git/imp_class_info/edge-19p/pinmap/oled.xdc:64]
WARNING: [Vivado 12-584] No ports matched 'oled_svdd'. [/home/sjlee/2507_keti_bnn_riscv/rvx_install/mini_git/imp_class_info/edge-19p/pinmap/oled.xdc:65]
WARNING: [Project 1-498] One or more constraints failed evaluation while reading constraint file [/home/sjlee/2507_keti_bnn_riscv/rvx_install/mini_git/imp_class_info/edge-19p/pinmap/oled.xdc] and the design contains unresolved black boxes. These constraints will be read post-synthesis (as long as their source constraint file is marked as used_in_implementation) and should be applied correctly then. You should review the constraints listed in the file [.Xil/TIP_HELLO_FPGA_propImpl.xdc] and check the run log file to verify that these constraints were correctly applied.
WARNING: [Vivado 12-584] No ports matched 'led_list[0]'. [/home/sjlee/2507_keti_bnn_riscv/rvx_install/mini_git/imp_class_info/edge-19p/pinmap/led.xdc:18]
WARNING: [Vivado 12-584] No ports matched 'led_list[1]'. [/home/sjlee/2507_keti_bnn_riscv/rvx_install/mini_git/imp_class_info/edge-19p/pinmap/led.xdc:19]
WARNING: [Vivado 12-584] No ports matched 'led_list[2]'. [/home/sjlee/2507_keti_bnn_riscv/rvx_install/mini_git/imp_class_info/edge-19p/pinmap/led.xdc:20]
WARNING: [Vivado 12-584] No ports matched 'led_list[3]'. [/home/sjlee/2507_keti_bnn_riscv/rvx_install/mini_git/imp_class_info/edge-19p/pinmap/led.xdc:21]
WARNING: [Project 1-498] One or more constraints failed evaluation while reading constraint file [/home/sjlee/2507_keti_bnn_riscv/rvx_install/mini_git/imp_class_info/edge-19p/pinmap/led.xdc] and the design contains unresolved black boxes. These constraints will be read post-synthesis (as long as their source constraint file is marked as used_in_implementation) and should be applied correctly then. You should review the constraints listed in the file [.Xil/TIP_HELLO_FPGA_propImpl.xdc] and check the run log file to verify that these constraints were correctly applied.
WARNING: [Vivado 12-584] No ports matched 'CIS_PCLK'. [/home/sjlee/2507_keti_bnn_riscv/rvx_install/mini_git/imp_class_info/edge-19p/pinmap/cis.xdc:18]
WARNING: [Vivado 12-584] No ports matched 'CIS_MCLK'. [/home/sjlee/2507_keti_bnn_riscv/rvx_install/mini_git/imp_class_info/edge-19p/pinmap/cis.xdc:25]
WARNING: [Vivado 12-584] No ports matched 'CIS_PCLK'. [/home/sjlee/2507_keti_bnn_riscv/rvx_install/mini_git/imp_class_info/edge-19p/pinmap/cis.xdc:26]
WARNING: [Vivado 12-584] No ports matched 'CIS_RESET_N'. [/home/sjlee/2507_keti_bnn_riscv/rvx_install/mini_git/imp_class_info/edge-19p/pinmap/cis.xdc:27]
WARNING: [Vivado 12-584] No ports matched 'CIS_VS'. [/home/sjlee/2507_keti_bnn_riscv/rvx_install/mini_git/imp_class_info/edge-19p/pinmap/cis.xdc:30]
WARNING: [Vivado 12-584] No ports matched 'CIS_HS'. [/home/sjlee/2507_keti_bnn_riscv/rvx_install/mini_git/imp_class_info/edge-19p/pinmap/cis.xdc:31]
WARNING: [Vivado 12-584] No ports matched 'CIS_PD_N'. [/home/sjlee/2507_keti_bnn_riscv/rvx_install/mini_git/imp_class_info/edge-19p/pinmap/cis.xdc:32]
WARNING: [Vivado 12-584] No ports matched 'CIS_D[0]'. [/home/sjlee/2507_keti_bnn_riscv/rvx_install/mini_git/imp_class_info/edge-19p/pinmap/cis.xdc:39]
WARNING: [Vivado 12-584] No ports matched 'CIS_D[1]'. [/home/sjlee/2507_keti_bnn_riscv/rvx_install/mini_git/imp_class_info/edge-19p/pinmap/cis.xdc:40]
WARNING: [Vivado 12-584] No ports matched 'CIS_D[2]'. [/home/sjlee/2507_keti_bnn_riscv/rvx_install/mini_git/imp_class_info/edge-19p/pinmap/cis.xdc:41]
WARNING: [Vivado 12-584] No ports matched 'CIS_D[3]'. [/home/sjlee/2507_keti_bnn_riscv/rvx_install/mini_git/imp_class_info/edge-19p/pinmap/cis.xdc:42]
WARNING: [Vivado 12-584] No ports matched 'CIS_D[4]'. [/home/sjlee/2507_keti_bnn_riscv/rvx_install/mini_git/imp_class_info/edge-19p/pinmap/cis.xdc:43]
WARNING: [Vivado 12-584] No ports matched 'CIS_D[5]'. [/home/sjlee/2507_keti_bnn_riscv/rvx_install/mini_git/imp_class_info/edge-19p/pinmap/cis.xdc:44]
WARNING: [Vivado 12-584] No ports matched 'CIS_D[6]'. [/home/sjlee/2507_keti_bnn_riscv/rvx_install/mini_git/imp_class_info/edge-19p/pinmap/cis.xdc:45]
WARNING: [Vivado 12-584] No ports matched 'CIS_D[7]'. [/home/sjlee/2507_keti_bnn_riscv/rvx_install/mini_git/imp_class_info/edge-19p/pinmap/cis.xdc:46]
WARNING: [Vivado 12-584] No ports matched 'CIS_MCLK'. [/home/sjlee/2507_keti_bnn_riscv/rvx_install/mini_git/imp_class_info/edge-19p/pinmap/cis.xdc:50]
WARNING: [Vivado 12-584] No ports matched 'CIS_RESET_N'. [/home/sjlee/2507_keti_bnn_riscv/rvx_install/mini_git/imp_class_info/edge-19p/pinmap/cis.xdc:51]
WARNING: [Vivado 12-584] No ports matched 'CIS_PD_N'. [/home/sjlee/2507_keti_bnn_riscv/rvx_install/mini_git/imp_class_info/edge-19p/pinmap/cis.xdc:52]
WARNING: [Vivado 12-584] No ports matched 'CIS_PCLK'. [/home/sjlee/2507_keti_bnn_riscv/rvx_install/mini_git/imp_class_info/edge-19p/pinmap/cis.xdc:55]
WARNING: [Vivado 12-584] No ports matched 'CIS_HS'. [/home/sjlee/2507_keti_bnn_riscv/rvx_install/mini_git/imp_class_info/edge-19p/pinmap/cis.xdc:56]
WARNING: [Vivado 12-584] No ports matched 'CIS_VS'. [/home/sjlee/2507_keti_bnn_riscv/rvx_install/mini_git/imp_class_info/edge-19p/pinmap/cis.xdc:57]
WARNING: [Vivado 12-584] No ports matched 'CIS_D[0]'. [/home/sjlee/2507_keti_bnn_riscv/rvx_install/mini_git/imp_class_info/edge-19p/pinmap/cis.xdc:59]
WARNING: [Vivado 12-584] No ports matched 'CIS_D[1]'. [/home/sjlee/2507_keti_bnn_riscv/rvx_install/mini_git/imp_class_info/edge-19p/pinmap/cis.xdc:60]
WARNING: [Vivado 12-584] No ports matched 'CIS_D[2]'. [/home/sjlee/2507_keti_bnn_riscv/rvx_install/mini_git/imp_class_info/edge-19p/pinmap/cis.xdc:61]
WARNING: [Vivado 12-584] No ports matched 'CIS_D[3]'. [/home/sjlee/2507_keti_bnn_riscv/rvx_install/mini_git/imp_class_info/edge-19p/pinmap/cis.xdc:62]
WARNING: [Vivado 12-584] No ports matched 'CIS_D[4]'. [/home/sjlee/2507_keti_bnn_riscv/rvx_install/mini_git/imp_class_info/edge-19p/pinmap/cis.xdc:63]
WARNING: [Vivado 12-584] No ports matched 'CIS_D[5]'. [/home/sjlee/2507_keti_bnn_riscv/rvx_install/mini_git/imp_class_info/edge-19p/pinmap/cis.xdc:64]
WARNING: [Vivado 12-584] No ports matched 'CIS_D[6]'. [/home/sjlee/2507_keti_bnn_riscv/rvx_install/mini_git/imp_class_info/edge-19p/pinmap/cis.xdc:65]
WARNING: [Vivado 12-584] No ports matched 'CIS_D[7]'. [/home/sjlee/2507_keti_bnn_riscv/rvx_install/mini_git/imp_class_info/edge-19p/pinmap/cis.xdc:66]
WARNING: [Vivado 12-584] No ports matched 'CIS_I2C_SCL'. [/home/sjlee/2507_keti_bnn_riscv/rvx_install/mini_git/imp_class_info/edge-19p/pinmap/cis.xdc:69]
WARNING: [Vivado 12-584] No ports matched 'CIS_I2C_SDA'. [/home/sjlee/2507_keti_bnn_riscv/rvx_install/mini_git/imp_class_info/edge-19p/pinmap/cis.xdc:70]
WARNING: [Vivado 12-584] No ports matched 'CIS_I2C_SDA'. [/home/sjlee/2507_keti_bnn_riscv/rvx_install/mini_git/imp_class_info/edge-19p/pinmap/cis.xdc:72]
WARNING: [Vivado 12-584] No ports matched 'CIS_I2C_SCL'. [/home/sjlee/2507_keti_bnn_riscv/rvx_install/mini_git/imp_class_info/edge-19p/pinmap/cis.xdc:73]
WARNING: [Project 1-498] One or more constraints failed evaluation while reading constraint file [/home/sjlee/2507_keti_bnn_riscv/rvx_install/mini_git/imp_class_info/edge-19p/pinmap/cis.xdc] and the design contains unresolved black boxes. These constraints will be read post-synthesis (as long as their source constraint file is marked as used_in_implementation) and should be applied correctly then. You should review the constraints listed in the file [.Xil/TIP_HELLO_FPGA_propImpl.xdc] and check the run log file to verify that these constraints were correctly applied.
WARNING: [Vivado 12-584] No ports matched 'switch_button_readymade_0'. [/home/sjlee/2507_keti_bnn_riscv/rvx_install/mini_git/imp_class_info/edge-19p/pinmap/switch_button.xdc:17]
WARNING: [Vivado 12-584] No ports matched 'switch_button_readymade_1'. [/home/sjlee/2507_keti_bnn_riscv/rvx_install/mini_git/imp_class_info/edge-19p/pinmap/switch_button.xdc:18]
WARNING: [Vivado 12-584] No ports matched 'switch_button_readymade_2'. [/home/sjlee/2507_keti_bnn_riscv/rvx_install/mini_git/imp_class_info/edge-19p/pinmap/switch_button.xdc:19]
WARNING: [Vivado 12-584] No ports matched 'switch_button_readymade_3'. [/home/sjlee/2507_keti_bnn_riscv/rvx_install/mini_git/imp_class_info/edge-19p/pinmap/switch_button.xdc:20]
WARNING: [Project 1-498] One or more constraints failed evaluation while reading constraint file [/home/sjlee/2507_keti_bnn_riscv/rvx_install/mini_git/imp_class_info/edge-19p/pinmap/switch_button.xdc] and the design contains unresolved black boxes. These constraints will be read post-synthesis (as long as their source constraint file is marked as used_in_implementation) and should be applied correctly then. You should review the constraints listed in the file [.Xil/TIP_HELLO_FPGA_propImpl.xdc] and check the run log file to verify that these constraints were correctly applied.
WARNING: [Constraints 18-619] A clock with name 'c1_sys_clk_p' already exists, overwriting the previous clock with the same name. [/home/sjlee/2507_keti_bnn_riscv/rvx_install/mini_git/imp_class_info/edge-19p/pinmap/ddr4-1.xdc:106]
WARNING: [Vivado 12-584] No ports matched 'HDMI_TX_AO_MCLK'. [/home/sjlee/2507_keti_bnn_riscv/rvx_install/mini_git/imp_class_info/edge-19p/pinmap/hdmi_tx.xdc:20]
WARNING: [Vivado 12-584] No ports matched 'HDMI_TX_AO_SCK'. [/home/sjlee/2507_keti_bnn_riscv/rvx_install/mini_git/imp_class_info/edge-19p/pinmap/hdmi_tx.xdc:21]
WARNING: [Vivado 12-584] No ports matched 'HDMI_TX_AO_SD[0]'. [/home/sjlee/2507_keti_bnn_riscv/rvx_install/mini_git/imp_class_info/edge-19p/pinmap/hdmi_tx.xdc:22]
WARNING: [Vivado 12-584] No ports matched 'HDMI_TX_AO_SD[1]'. [/home/sjlee/2507_keti_bnn_riscv/rvx_install/mini_git/imp_class_info/edge-19p/pinmap/hdmi_tx.xdc:23]
WARNING: [Vivado 12-584] No ports matched 'HDMI_TX_AO_SD[2]'. [/home/sjlee/2507_keti_bnn_riscv/rvx_install/mini_git/imp_class_info/edge-19p/pinmap/hdmi_tx.xdc:24]
WARNING: [Vivado 12-584] No ports matched 'HDMI_TX_AO_SD[3]'. [/home/sjlee/2507_keti_bnn_riscv/rvx_install/mini_git/imp_class_info/edge-19p/pinmap/hdmi_tx.xdc:25]
WARNING: [Vivado 12-584] No ports matched 'HDMI_TX_AO_SPDIF'. [/home/sjlee/2507_keti_bnn_riscv/rvx_install/mini_git/imp_class_info/edge-19p/pinmap/hdmi_tx.xdc:26]
WARNING: [Vivado 12-584] No ports matched 'HDMI_TX_AO_WS'. [/home/sjlee/2507_keti_bnn_riscv/rvx_install/mini_git/imp_class_info/edge-19p/pinmap/hdmi_tx.xdc:27]
WARNING: [Vivado 12-584] No ports matched 'HDMI_TX_DCK'. [/home/sjlee/2507_keti_bnn_riscv/rvx_install/mini_git/imp_class_info/edge-19p/pinmap/hdmi_tx.xdc:28]
WARNING: [Vivado 12-584] No ports matched 'HDMI_TX_DE'. [/home/sjlee/2507_keti_bnn_riscv/rvx_install/mini_git/imp_class_info/edge-19p/pinmap/hdmi_tx.xdc:31]
WARNING: [Vivado 12-584] No ports matched 'HDMI_TX_HS'. [/home/sjlee/2507_keti_bnn_riscv/rvx_install/mini_git/imp_class_info/edge-19p/pinmap/hdmi_tx.xdc:32]
WARNING: [Vivado 12-584] No ports matched 'HDMI_TX_VS'. [/home/sjlee/2507_keti_bnn_riscv/rvx_install/mini_git/imp_class_info/edge-19p/pinmap/hdmi_tx.xdc:33]
WARNING: [Vivado 12-584] No ports matched 'HDMI_TX_INT'. [/home/sjlee/2507_keti_bnn_riscv/rvx_install/mini_git/imp_class_info/edge-19p/pinmap/hdmi_tx.xdc:34]
WARNING: [Vivado 12-584] No ports matched 'HDMI_TX_RST_N'. [/home/sjlee/2507_keti_bnn_riscv/rvx_install/mini_git/imp_class_info/edge-19p/pinmap/hdmi_tx.xdc:35]
WARNING: [Vivado 12-584] No ports matched 'HDMI_TX_VD[0]'. [/home/sjlee/2507_keti_bnn_riscv/rvx_install/mini_git/imp_class_info/edge-19p/pinmap/hdmi_tx.xdc:37]
WARNING: [Vivado 12-584] No ports matched 'HDMI_TX_VD[1]'. [/home/sjlee/2507_keti_bnn_riscv/rvx_install/mini_git/imp_class_info/edge-19p/pinmap/hdmi_tx.xdc:38]
WARNING: [Vivado 12-584] No ports matched 'HDMI_TX_VD[2]'. [/home/sjlee/2507_keti_bnn_riscv/rvx_install/mini_git/imp_class_info/edge-19p/pinmap/hdmi_tx.xdc:39]
WARNING: [Vivado 12-584] No ports matched 'HDMI_TX_VD[3]'. [/home/sjlee/2507_keti_bnn_riscv/rvx_install/mini_git/imp_class_info/edge-19p/pinmap/hdmi_tx.xdc:40]
WARNING: [Vivado 12-584] No ports matched 'HDMI_TX_VD[4]'. [/home/sjlee/2507_keti_bnn_riscv/rvx_install/mini_git/imp_class_info/edge-19p/pinmap/hdmi_tx.xdc:41]
WARNING: [Vivado 12-584] No ports matched 'HDMI_TX_VD[5]'. [/home/sjlee/2507_keti_bnn_riscv/rvx_install/mini_git/imp_class_info/edge-19p/pinmap/hdmi_tx.xdc:42]
WARNING: [Vivado 12-584] No ports matched 'HDMI_TX_VD[6]'. [/home/sjlee/2507_keti_bnn_riscv/rvx_install/mini_git/imp_class_info/edge-19p/pinmap/hdmi_tx.xdc:43]
WARNING: [Vivado 12-584] No ports matched 'HDMI_TX_VD[7]'. [/home/sjlee/2507_keti_bnn_riscv/rvx_install/mini_git/imp_class_info/edge-19p/pinmap/hdmi_tx.xdc:44]
WARNING: [Vivado 12-584] No ports matched 'HDMI_TX_VD[8]'. [/home/sjlee/2507_keti_bnn_riscv/rvx_install/mini_git/imp_class_info/edge-19p/pinmap/hdmi_tx.xdc:45]
WARNING: [Vivado 12-584] No ports matched 'HDMI_TX_VD[9]'. [/home/sjlee/2507_keti_bnn_riscv/rvx_install/mini_git/imp_class_info/edge-19p/pinmap/hdmi_tx.xdc:46]
WARNING: [Vivado 12-584] No ports matched 'HDMI_TX_VD[10]'. [/home/sjlee/2507_keti_bnn_riscv/rvx_install/mini_git/imp_class_info/edge-19p/pinmap/hdmi_tx.xdc:47]
WARNING: [Vivado 12-584] No ports matched 'HDMI_TX_VD[11]'. [/home/sjlee/2507_keti_bnn_riscv/rvx_install/mini_git/imp_class_info/edge-19p/pinmap/hdmi_tx.xdc:49]
WARNING: [Vivado 12-584] No ports matched 'HDMI_TX_VD[12]'. [/home/sjlee/2507_keti_bnn_riscv/rvx_install/mini_git/imp_class_info/edge-19p/pinmap/hdmi_tx.xdc:50]
WARNING: [Vivado 12-584] No ports matched 'HDMI_TX_VD[13]'. [/home/sjlee/2507_keti_bnn_riscv/rvx_install/mini_git/imp_class_info/edge-19p/pinmap/hdmi_tx.xdc:51]
WARNING: [Vivado 12-584] No ports matched 'HDMI_TX_VD[14]'. [/home/sjlee/2507_keti_bnn_riscv/rvx_install/mini_git/imp_class_info/edge-19p/pinmap/hdmi_tx.xdc:52]
WARNING: [Vivado 12-584] No ports matched 'HDMI_TX_VD[15]'. [/home/sjlee/2507_keti_bnn_riscv/rvx_install/mini_git/imp_class_info/edge-19p/pinmap/hdmi_tx.xdc:53]
WARNING: [Vivado 12-584] No ports matched 'HDMI_TX_VD[16]'. [/home/sjlee/2507_keti_bnn_riscv/rvx_install/mini_git/imp_class_info/edge-19p/pinmap/hdmi_tx.xdc:54]
WARNING: [Vivado 12-584] No ports matched 'HDMI_TX_VD[17]'. [/home/sjlee/2507_keti_bnn_riscv/rvx_install/mini_git/imp_class_info/edge-19p/pinmap/hdmi_tx.xdc:55]
WARNING: [Vivado 12-584] No ports matched 'HDMI_TX_VD[18]'. [/home/sjlee/2507_keti_bnn_riscv/rvx_install/mini_git/imp_class_info/edge-19p/pinmap/hdmi_tx.xdc:56]
WARNING: [Vivado 12-584] No ports matched 'HDMI_TX_VD[19]'. [/home/sjlee/2507_keti_bnn_riscv/rvx_install/mini_git/imp_class_info/edge-19p/pinmap/hdmi_tx.xdc:57]
WARNING: [Vivado 12-584] No ports matched 'HDMI_TX_VD[20]'. [/home/sjlee/2507_keti_bnn_riscv/rvx_install/mini_git/imp_class_info/edge-19p/pinmap/hdmi_tx.xdc:58]
WARNING: [Vivado 12-584] No ports matched 'HDMI_TX_VD[21]'. [/home/sjlee/2507_keti_bnn_riscv/rvx_install/mini_git/imp_class_info/edge-19p/pinmap/hdmi_tx.xdc:60]
WARNING: [Vivado 12-584] No ports matched 'HDMI_TX_VD[22]'. [/home/sjlee/2507_keti_bnn_riscv/rvx_install/mini_git/imp_class_info/edge-19p/pinmap/hdmi_tx.xdc:61]
WARNING: [Vivado 12-584] No ports matched 'HDMI_TX_VD[23]'. [/home/sjlee/2507_keti_bnn_riscv/rvx_install/mini_git/imp_class_info/edge-19p/pinmap/hdmi_tx.xdc:62]
WARNING: [Vivado 12-584] No ports matched 'HDMI_TX_VD[24]'. [/home/sjlee/2507_keti_bnn_riscv/rvx_install/mini_git/imp_class_info/edge-19p/pinmap/hdmi_tx.xdc:63]
WARNING: [Vivado 12-584] No ports matched 'HDMI_TX_VD[25]'. [/home/sjlee/2507_keti_bnn_riscv/rvx_install/mini_git/imp_class_info/edge-19p/pinmap/hdmi_tx.xdc:64]
WARNING: [Vivado 12-584] No ports matched 'HDMI_TX_VD[26]'. [/home/sjlee/2507_keti_bnn_riscv/rvx_install/mini_git/imp_class_info/edge-19p/pinmap/hdmi_tx.xdc:65]
WARNING: [Vivado 12-584] No ports matched 'HDMI_TX_VD[27]'. [/home/sjlee/2507_keti_bnn_riscv/rvx_install/mini_git/imp_class_info/edge-19p/pinmap/hdmi_tx.xdc:66]
WARNING: [Vivado 12-584] No ports matched 'HDMI_TX_VD[28]'. [/home/sjlee/2507_keti_bnn_riscv/rvx_install/mini_git/imp_class_info/edge-19p/pinmap/hdmi_tx.xdc:67]
WARNING: [Vivado 12-584] No ports matched 'HDMI_TX_VD[29]'. [/home/sjlee/2507_keti_bnn_riscv/rvx_install/mini_git/imp_class_info/edge-19p/pinmap/hdmi_tx.xdc:68]
WARNING: [Vivado 12-584] No ports matched 'HDMI_TX_VD[30]'. [/home/sjlee/2507_keti_bnn_riscv/rvx_install/mini_git/imp_class_info/edge-19p/pinmap/hdmi_tx.xdc:69]
WARNING: [Vivado 12-584] No ports matched 'HDMI_TX_VD[31]'. [/home/sjlee/2507_keti_bnn_riscv/rvx_install/mini_git/imp_class_info/edge-19p/pinmap/hdmi_tx.xdc:71]
WARNING: [Vivado 12-584] No ports matched 'HDMI_TX_VD[32]'. [/home/sjlee/2507_keti_bnn_riscv/rvx_install/mini_git/imp_class_info/edge-19p/pinmap/hdmi_tx.xdc:72]
WARNING: [Vivado 12-584] No ports matched 'HDMI_TX_VD[33]'. [/home/sjlee/2507_keti_bnn_riscv/rvx_install/mini_git/imp_class_info/edge-19p/pinmap/hdmi_tx.xdc:73]
WARNING: [Vivado 12-584] No ports matched 'HDMI_TX_VD[34]'. [/home/sjlee/2507_keti_bnn_riscv/rvx_install/mini_git/imp_class_info/edge-19p/pinmap/hdmi_tx.xdc:74]
WARNING: [Vivado 12-584] No ports matched 'HDMI_TX_VD[35]'. [/home/sjlee/2507_keti_bnn_riscv/rvx_install/mini_git/imp_class_info/edge-19p/pinmap/hdmi_tx.xdc:75]
WARNING: [Vivado 12-584] No ports matched 'HDMI_TX_AO_MCLK'. [/home/sjlee/2507_keti_bnn_riscv/rvx_install/mini_git/imp_class_info/edge-19p/pinmap/hdmi_tx.xdc:79]
WARNING: [Project 1-498] One or more constraints failed evaluation while reading constraint file [/home/sjlee/2507_keti_bnn_riscv/rvx_install/mini_git/imp_class_info/edge-19p/pinmap/hdmi_tx.xdc] and the design contains unresolved black boxes. These constraints will be read post-synthesis (as long as their source constraint file is marked as used_in_implementation) and should be applied correctly then. You should review the constraints listed in the file [.Xil/TIP_HELLO_FPGA_propImpl.xdc] and check the run log file to verify that these constraints were correctly applied.
WARNING: [Project 1-498] One or more constraints failed evaluation while reading constraint file [/home/sjlee/2507_keti_bnn_riscv/rvx_install/mini_git/imp_class_info/edge-19p/pinmap/i2c_readymade.xdc] and the design contains unresolved black boxes. These constraints will be read post-synthesis (as long as their source constraint file is marked as used_in_implementation) and should be applied correctly then. You should review the constraints listed in the file [.Xil/TIP_HELLO_FPGA_propImpl.xdc] and check the run log file to verify that these constraints were correctly applied.
WARNING: [Project 1-498] One or more constraints failed evaluation while reading constraint file [/home/sjlee/2507_keti_bnn_riscv/rvx_install/mini_git/imp_class_info/edge-19p/pinmap/spi_flash.xdc] and the design contains unresolved black boxes. These constraints will be read post-synthesis (as long as their source constraint file is marked as used_in_implementation) and should be applied correctly then. You should review the constraints listed in the file [.Xil/TIP_HELLO_FPGA_propImpl.xdc] and check the run log file to verify that these constraints were correctly applied.
WARNING: [Project 1-498] One or more constraints failed evaluation while reading constraint file [/home/sjlee/2507_keti_bnn_riscv/rvx_install/mini_git/imp_class_info/edge-19p/pinmap/boot_mode.xdc] and the design contains unresolved black boxes. These constraints will be read post-synthesis (as long as their source constraint file is marked as used_in_implementation) and should be applied correctly then. You should review the constraints listed in the file [.Xil/TIP_HELLO_FPGA_propImpl.xdc] and check the run log file to verify that these constraints were correctly applied.
WARNING: [Project 1-498] One or more constraints failed evaluation while reading constraint file [/home/sjlee/2507_keti_bnn_riscv/rvx_install/mini_git/imp_class_info/edge-19p/pinmap/sdcard.xdc] and the design contains unresolved black boxes. These constraints will be read post-synthesis (as long as their source constraint file is marked as used_in_implementation) and should be applied correctly then. You should review the constraints listed in the file [.Xil/TIP_HELLO_FPGA_propImpl.xdc] and check the run log file to verify that these constraints were correctly applied.
WARNING: [Constraints 18-619] A clock with name 'c0_sys_clk_p' already exists, overwriting the previous clock with the same name. [/home/sjlee/2507_keti_bnn_riscv/rvx_install/mini_git/imp_class_info/edge-19p/pinmap/ddr4-0.xdc:108]
WARNING: [Project 1-498] One or more constraints failed evaluation while reading constraint file [/home/sjlee/2507_keti_bnn_riscv/rvx_install/mini_git/imp_class_info/edge-19p/pinmap/ddr3.xdc] and the design contains unresolved black boxes. These constraints will be read post-synthesis (as long as their source constraint file is marked as used_in_implementation) and should be applied correctly then. You should review the constraints listed in the file [.Xil/TIP_HELLO_FPGA_propImpl.xdc] and check the run log file to verify that these constraints were correctly applied.
WARNING: [Project 1-498] One or more constraints failed evaluation while reading constraint file [/home/sjlee/2507_keti_bnn_riscv/rvx_install/mini_git/imp_class_info/edge-19p/pinmap/spi_readymade.xdc] and the design contains unresolved black boxes. These constraints will be read post-synthesis (as long as their source constraint file is marked as used_in_implementation) and should be applied correctly then. You should review the constraints listed in the file [.Xil/TIP_HELLO_FPGA_propImpl.xdc] and check the run log file to verify that these constraints were correctly applied.
WARNING: [Vivado 12-646] clock 'LPSDR_CLK_FB' not found. [/home/sjlee/2507_keti_bnn_riscv/rvx_install/mini_git/imp_class_info/edge-19p/pinmap/lpsdram.xdc:154]
WARNING: [Vivado 12-646] clock 'LPSDR_CLK_FB' not found. [/home/sjlee/2507_keti_bnn_riscv/rvx_install/mini_git/imp_class_info/edge-19p/pinmap/lpsdram.xdc:155]
WARNING: [Vivado 12-646] clock 'LPSDR_CLK_FB' not found. [/home/sjlee/2507_keti_bnn_riscv/rvx_install/mini_git/imp_class_info/edge-19p/pinmap/lpsdram.xdc:156]
WARNING: [Vivado 12-646] clock 'LPSDR_CLK_FB' not found. [/home/sjlee/2507_keti_bnn_riscv/rvx_install/mini_git/imp_class_info/edge-19p/pinmap/lpsdram.xdc:157]
WARNING: [Vivado 12-646] clock 'LPSDR_CLK_FB' not found. [/home/sjlee/2507_keti_bnn_riscv/rvx_install/mini_git/imp_class_info/edge-19p/pinmap/lpsdram.xdc:158]
WARNING: [Vivado 12-646] clock 'LPSDR_CLK_FB' not found. [/home/sjlee/2507_keti_bnn_riscv/rvx_install/mini_git/imp_class_info/edge-19p/pinmap/lpsdram.xdc:159]
WARNING: [Vivado 12-646] clock 'LPSDR_CLK_FB' not found. [/home/sjlee/2507_keti_bnn_riscv/rvx_install/mini_git/imp_class_info/edge-19p/pinmap/lpsdram.xdc:160]
WARNING: [Vivado 12-646] clock 'LPSDR_CLK_FB' not found. [/home/sjlee/2507_keti_bnn_riscv/rvx_install/mini_git/imp_class_info/edge-19p/pinmap/lpsdram.xdc:161]
WARNING: [Vivado 12-646] clock 'LPSDR_CLK_FB' not found. [/home/sjlee/2507_keti_bnn_riscv/rvx_install/mini_git/imp_class_info/edge-19p/pinmap/lpsdram.xdc:162]
WARNING: [Vivado 12-646] clock 'LPSDR_CLK_FB' not found. [/home/sjlee/2507_keti_bnn_riscv/rvx_install/mini_git/imp_class_info/edge-19p/pinmap/lpsdram.xdc:163]
WARNING: [Project 1-498] One or more constraints failed evaluation while reading constraint file [/home/sjlee/2507_keti_bnn_riscv/rvx_install/mini_git/imp_class_info/edge-19p/pinmap/lpsdram.xdc] and the design contains unresolved black boxes. These constraints will be read post-synthesis (as long as their source constraint file is marked as used_in_implementation) and should be applied correctly then. You should review the constraints listed in the file [.Xil/TIP_HELLO_FPGA_propImpl.xdc] and check the run log file to verify that these constraints were correctly applied.
WARNING: [Vivado 12-508] No pins matched 'i_platform/i_rtl/i_edge_video_system/i_video/i_bufg_hdmi_rx/O'. [/home/sjlee/2507_keti_bnn_riscv/rvx_install/mini_git/imp_class_info/edge-19p/pinmap/hdmi_rx.xdc:24]
WARNING: [Project 1-498] One or more constraints failed evaluation while reading constraint file [/home/sjlee/2507_keti_bnn_riscv/rvx_install/mini_git/imp_class_info/edge-19p/pinmap/hdmi_rx.xdc] and the design contains unresolved black boxes. These constraints will be read post-synthesis (as long as their source constraint file is marked as used_in_implementation) and should be applied correctly then. You should review the constraints listed in the file [.Xil/TIP_HELLO_FPGA_propImpl.xdc] and check the run log file to verify that these constraints were correctly applied.
WARNING: [Vivado 12-508] No pins matched 'i_platform/i_pll0/i_bufg0/O'. [/home/sjlee/2507_keti_bnn_riscv/rvx_install/mini_git/imp_class_info/edge-19p/pinmap/clk_and_rst.xdc:38]
WARNING: [Vivado 12-508] No pins matched 'i_platform/i_pll0/i_bufg1/O'. [/home/sjlee/2507_keti_bnn_riscv/rvx_install/mini_git/imp_class_info/edge-19p/pinmap/clk_and_rst.xdc:39]
WARNING: [Project 1-498] One or more constraints failed evaluation while reading constraint file [/home/sjlee/2507_keti_bnn_riscv/rvx_install/mini_git/imp_class_info/edge-19p/pinmap/clk_and_rst.xdc] and the design contains unresolved black boxes. These constraints will be read post-synthesis (as long as their source constraint file is marked as used_in_implementation) and should be applied correctly then. You should review the constraints listed in the file [.Xil/TIP_HELLO_FPGA_propImpl.xdc] and check the run log file to verify that these constraints were correctly applied.
WARNING: [Vivado 12-180] No cells matched 'i_platform/i_system_sdram/i_controller/i_skew_lpsdr_clk/i_gen_stage[1].i_rvx_instance_0'. [/home/sjlee/2507_keti_bnn_riscv/rvx_install/mini_git/imp_class_info/edge-19p/xdc/donttouch_sdram.xdc:3]
WARNING: [Vivado 12-180] No cells matched 'i_platform/i_system_sdram/i_controller/i_skew_lpsdr_clk/i_gen_stage[2].i_rvx_instance_0'. [/home/sjlee/2507_keti_bnn_riscv/rvx_install/mini_git/imp_class_info/edge-19p/xdc/donttouch_sdram.xdc:4]
WARNING: [Vivado 12-180] No cells matched 'i_platform/i_system_sdram/i_controller/i_skew_lpsdr_clk/i_gen_stage[3].i_rvx_instance_0'. [/home/sjlee/2507_keti_bnn_riscv/rvx_install/mini_git/imp_class_info/edge-19p/xdc/donttouch_sdram.xdc:5]
WARNING: [Vivado 12-180] No cells matched 'i_platform/i_system_sdram/i_controller/i_skew_lpsdr_clk/i_gen_stage[4].i_rvx_instance_0'. [/home/sjlee/2507_keti_bnn_riscv/rvx_install/mini_git/imp_class_info/edge-19p/xdc/donttouch_sdram.xdc:6]
WARNING: [Vivado 12-180] No cells matched 'i_platform/i_system_sdram/i_controller/i_skew_lpsdr_clk/i_gen_stage[5].i_rvx_instance_0'. [/home/sjlee/2507_keti_bnn_riscv/rvx_install/mini_git/imp_class_info/edge-19p/xdc/donttouch_sdram.xdc:7]
WARNING: [Vivado 12-180] No cells matched 'i_platform/i_system_sdram/i_controller/i_skew_lpsdr_clk/i_gen_stage[6].i_rvx_instance_0'. [/home/sjlee/2507_keti_bnn_riscv/rvx_install/mini_git/imp_class_info/edge-19p/xdc/donttouch_sdram.xdc:8]
WARNING: [Vivado 12-180] No cells matched 'i_platform/i_system_sdram/i_controller/i_skew_lpsdr_clk/i_gen_stage[7].i_rvx_instance_0'. [/home/sjlee/2507_keti_bnn_riscv/rvx_install/mini_git/imp_class_info/edge-19p/xdc/donttouch_sdram.xdc:9]
WARNING: [Vivado 12-180] No cells matched 'i_platform/i_system_sdram/i_controller/i_skew_lpsdr_clk/i_gen_stage[8].i_rvx_instance_0'. [/home/sjlee/2507_keti_bnn_riscv/rvx_install/mini_git/imp_class_info/edge-19p/xdc/donttouch_sdram.xdc:10]
WARNING: [Vivado 12-180] No cells matched 'i_platform/i_system_sdram/i_controller/i_skew_lpsdr_clk/i_gen_stage[9].i_rvx_instance_0'. [/home/sjlee/2507_keti_bnn_riscv/rvx_install/mini_git/imp_class_info/edge-19p/xdc/donttouch_sdram.xdc:11]
WARNING: [Vivado 12-180] No cells matched 'i_platform/i_system_sdram/i_controller/i_skew_lpsdr_clk/i_gen_stage[10].i_rvx_instance_0'. [/home/sjlee/2507_keti_bnn_riscv/rvx_install/mini_git/imp_class_info/edge-19p/xdc/donttouch_sdram.xdc:12]
WARNING: [Vivado 12-180] No cells matched 'i_platform/i_system_sdram/i_controller/i_skew_lpsdr_clk/i_gen_stage[11].i_rvx_instance_0'. [/home/sjlee/2507_keti_bnn_riscv/rvx_install/mini_git/imp_class_info/edge-19p/xdc/donttouch_sdram.xdc:13]
WARNING: [Vivado 12-180] No cells matched 'i_platform/i_system_sdram/i_controller/i_skew_lpsdr_clk/i_gen_stage[12].i_rvx_instance_0'. [/home/sjlee/2507_keti_bnn_riscv/rvx_install/mini_git/imp_class_info/edge-19p/xdc/donttouch_sdram.xdc:14]
WARNING: [Vivado 12-180] No cells matched 'i_platform/i_system_sdram/i_controller/i_skew_lpsdr_clk/i_gen_stage[13].i_rvx_instance_0'. [/home/sjlee/2507_keti_bnn_riscv/rvx_install/mini_git/imp_class_info/edge-19p/xdc/donttouch_sdram.xdc:15]
WARNING: [Vivado 12-180] No cells matched 'i_platform/i_system_sdram/i_controller/i_skew_lpsdr_clk/i_gen_stage[14].i_rvx_instance_0'. [/home/sjlee/2507_keti_bnn_riscv/rvx_install/mini_git/imp_class_info/edge-19p/xdc/donttouch_sdram.xdc:16]
WARNING: [Vivado 12-180] No cells matched 'i_platform/i_system_sdram/i_controller/i_skew_lpsdr_clk/i_gen_stage[15].i_rvx_instance_0'. [/home/sjlee/2507_keti_bnn_riscv/rvx_install/mini_git/imp_class_info/edge-19p/xdc/donttouch_sdram.xdc:17]
WARNING: [Vivado 12-180] No cells matched 'i_platform/i_system_sdram/i_controller/i_skew_lpsdr_clk/i_gen_stage[16].i_rvx_instance_0'. [/home/sjlee/2507_keti_bnn_riscv/rvx_install/mini_git/imp_class_info/edge-19p/xdc/donttouch_sdram.xdc:18]
WARNING: [Vivado 12-180] No cells matched 'i_platform/i_system_sdram/i_controller/i_skew_lpsdr_clk/i_gen_stage[17].i_rvx_instance_0'. [/home/sjlee/2507_keti_bnn_riscv/rvx_install/mini_git/imp_class_info/edge-19p/xdc/donttouch_sdram.xdc:19]
WARNING: [Vivado 12-180] No cells matched 'i_platform/i_system_sdram/i_controller/i_skew_lpsdr_clk/i_gen_stage[18].i_rvx_instance_0'. [/home/sjlee/2507_keti_bnn_riscv/rvx_install/mini_git/imp_class_info/edge-19p/xdc/donttouch_sdram.xdc:20]
WARNING: [Vivado 12-180] No cells matched 'i_platform/i_system_sdram/i_controller/i_skew_lpsdr_clk/i_gen_stage[19].i_rvx_instance_0'. [/home/sjlee/2507_keti_bnn_riscv/rvx_install/mini_git/imp_class_info/edge-19p/xdc/donttouch_sdram.xdc:21]
WARNING: [Vivado 12-180] No cells matched 'i_platform/i_system_sdram/i_controller/i_skew_lpsdr_clk/i_gen_stage[20].i_rvx_instance_0'. [/home/sjlee/2507_keti_bnn_riscv/rvx_install/mini_git/imp_class_info/edge-19p/xdc/donttouch_sdram.xdc:22]
WARNING: [Vivado 12-180] No cells matched 'i_platform/i_system_sdram/i_controller/i_skew_lpsdr_clk/i_gen_stage[21].i_rvx_instance_0'. [/home/sjlee/2507_keti_bnn_riscv/rvx_install/mini_git/imp_class_info/edge-19p/xdc/donttouch_sdram.xdc:23]
WARNING: [Vivado 12-180] No cells matched 'i_platform/i_system_sdram/i_controller/i_skew_lpsdr_clk/i_gen_stage[22].i_rvx_instance_0'. [/home/sjlee/2507_keti_bnn_riscv/rvx_install/mini_git/imp_class_info/edge-19p/xdc/donttouch_sdram.xdc:24]
WARNING: [Vivado 12-180] No cells matched 'i_platform/i_system_sdram/i_controller/i_skew_lpsdr_clk/i_gen_stage[23].i_rvx_instance_0'. [/home/sjlee/2507_keti_bnn_riscv/rvx_install/mini_git/imp_class_info/edge-19p/xdc/donttouch_sdram.xdc:25]
WARNING: [Vivado 12-180] No cells matched 'i_platform/i_system_sdram/i_controller/i_skew_lpsdr_clk/i_gen_stage[24].i_rvx_instance_0'. [/home/sjlee/2507_keti_bnn_riscv/rvx_install/mini_git/imp_class_info/edge-19p/xdc/donttouch_sdram.xdc:26]
WARNING: [Vivado 12-180] No cells matched 'i_platform/i_system_sdram/i_controller/i_skew_lpsdr_clk/i_gen_stage[25].i_rvx_instance_0'. [/home/sjlee/2507_keti_bnn_riscv/rvx_install/mini_git/imp_class_info/edge-19p/xdc/donttouch_sdram.xdc:27]
WARNING: [Vivado 12-180] No cells matched 'i_platform/i_system_sdram/i_controller/i_skew_lpsdr_clk/i_gen_stage[26].i_rvx_instance_0'. [/home/sjlee/2507_keti_bnn_riscv/rvx_install/mini_git/imp_class_info/edge-19p/xdc/donttouch_sdram.xdc:28]
WARNING: [Vivado 12-180] No cells matched 'i_platform/i_system_sdram/i_controller/i_skew_lpsdr_clk/i_gen_stage[27].i_rvx_instance_0'. [/home/sjlee/2507_keti_bnn_riscv/rvx_install/mini_git/imp_class_info/edge-19p/xdc/donttouch_sdram.xdc:29]
WARNING: [Vivado 12-180] No cells matched 'i_platform/i_system_sdram/i_controller/i_skew_lpsdr_clk/i_gen_stage[28].i_rvx_instance_0'. [/home/sjlee/2507_keti_bnn_riscv/rvx_install/mini_git/imp_class_info/edge-19p/xdc/donttouch_sdram.xdc:30]
WARNING: [Vivado 12-180] No cells matched 'i_platform/i_system_sdram/i_controller/i_skew_lpsdr_clk/i_gen_stage[29].i_rvx_instance_0'. [/home/sjlee/2507_keti_bnn_riscv/rvx_install/mini_git/imp_class_info/edge-19p/xdc/donttouch_sdram.xdc:31]
WARNING: [Vivado 12-180] No cells matched 'i_platform/i_system_sdram/i_controller/i_skew_lpsdr_clk/i_gen_stage[30].i_rvx_instance_0'. [/home/sjlee/2507_keti_bnn_riscv/rvx_install/mini_git/imp_class_info/edge-19p/xdc/donttouch_sdram.xdc:32]
WARNING: [Vivado 12-180] No cells matched 'i_platform/i_system_sdram/i_controller/i_skew_lpsdr_clk/i_gen_stage[31].i_rvx_instance_0'. [/home/sjlee/2507_keti_bnn_riscv/rvx_install/mini_git/imp_class_info/edge-19p/xdc/donttouch_sdram.xdc:33]
WARNING: [Vivado 12-180] No cells matched 'i_platform/i_system_sdram/i_controller/i_skew_lpsdr_clk/i_gen_stage[32].i_rvx_instance_0'. [/home/sjlee/2507_keti_bnn_riscv/rvx_install/mini_git/imp_class_info/edge-19p/xdc/donttouch_sdram.xdc:34]
WARNING: [Vivado 12-180] No cells matched 'i_platform/i_system_sdram/i_controller/i_skew_lpsdr_clk/i_gen_stage[33].i_rvx_instance_0'. [/home/sjlee/2507_keti_bnn_riscv/rvx_install/mini_git/imp_class_info/edge-19p/xdc/donttouch_sdram.xdc:35]
WARNING: [Vivado 12-180] No cells matched 'i_platform/i_system_sdram/i_controller/i_skew_lpsdr_clk/i_gen_stage[34].i_rvx_instance_0'. [/home/sjlee/2507_keti_bnn_riscv/rvx_install/mini_git/imp_class_info/edge-19p/xdc/donttouch_sdram.xdc:36]
WARNING: [Vivado 12-180] No cells matched 'i_platform/i_system_sdram/i_controller/i_skew_lpsdr_clk/i_gen_stage[35].i_rvx_instance_0'. [/home/sjlee/2507_keti_bnn_riscv/rvx_install/mini_git/imp_class_info/edge-19p/xdc/donttouch_sdram.xdc:37]
WARNING: [Vivado 12-180] No cells matched 'i_platform/i_system_sdram/i_controller/i_skew_lpsdr_clk/i_gen_stage[36].i_rvx_instance_0'. [/home/sjlee/2507_keti_bnn_riscv/rvx_install/mini_git/imp_class_info/edge-19p/xdc/donttouch_sdram.xdc:38]
WARNING: [Vivado 12-180] No cells matched 'i_platform/i_system_sdram/i_controller/i_skew_lpsdr_clk/i_gen_stage[37].i_rvx_instance_0'. [/home/sjlee/2507_keti_bnn_riscv/rvx_install/mini_git/imp_class_info/edge-19p/xdc/donttouch_sdram.xdc:39]
WARNING: [Vivado 12-180] No cells matched 'i_platform/i_system_sdram/i_controller/i_skew_lpsdr_clk/i_gen_stage[38].i_rvx_instance_0'. [/home/sjlee/2507_keti_bnn_riscv/rvx_install/mini_git/imp_class_info/edge-19p/xdc/donttouch_sdram.xdc:40]
WARNING: [Vivado 12-180] No cells matched 'i_platform/i_system_sdram/i_controller/i_skew_lpsdr_clk/i_gen_stage[39].i_rvx_instance_0'. [/home/sjlee/2507_keti_bnn_riscv/rvx_install/mini_git/imp_class_info/edge-19p/xdc/donttouch_sdram.xdc:41]
WARNING: [Vivado 12-180] No cells matched 'i_platform/i_system_sdram/i_controller/i_skew_lpsdr_clk/i_gen_stage[40].i_rvx_instance_0'. [/home/sjlee/2507_keti_bnn_riscv/rvx_install/mini_git/imp_class_info/edge-19p/xdc/donttouch_sdram.xdc:42]
WARNING: [Vivado 12-180] No cells matched 'i_platform/i_system_sdram/i_controller/i_skew_lpsdr_clk/i_gen_stage[41].i_rvx_instance_0'. [/home/sjlee/2507_keti_bnn_riscv/rvx_install/mini_git/imp_class_info/edge-19p/xdc/donttouch_sdram.xdc:43]
WARNING: [Vivado 12-180] No cells matched 'i_platform/i_system_sdram/i_controller/i_skew_lpsdr_clk/i_gen_stage[42].i_rvx_instance_0'. [/home/sjlee/2507_keti_bnn_riscv/rvx_install/mini_git/imp_class_info/edge-19p/xdc/donttouch_sdram.xdc:44]
WARNING: [Vivado 12-180] No cells matched 'i_platform/i_system_sdram/i_controller/i_skew_lpsdr_clk/i_gen_stage[43].i_rvx_instance_0'. [/home/sjlee/2507_keti_bnn_riscv/rvx_install/mini_git/imp_class_info/edge-19p/xdc/donttouch_sdram.xdc:45]
WARNING: [Vivado 12-180] No cells matched 'i_platform/i_system_sdram/i_controller/i_skew_lpsdr_clk/i_gen_stage[44].i_rvx_instance_0'. [/home/sjlee/2507_keti_bnn_riscv/rvx_install/mini_git/imp_class_info/edge-19p/xdc/donttouch_sdram.xdc:46]
WARNING: [Vivado 12-180] No cells matched 'i_platform/i_system_sdram/i_controller/i_skew_lpsdr_clk/i_gen_stage[45].i_rvx_instance_0'. [/home/sjlee/2507_keti_bnn_riscv/rvx_install/mini_git/imp_class_info/edge-19p/xdc/donttouch_sdram.xdc:47]
WARNING: [Vivado 12-180] No cells matched 'i_platform/i_system_sdram/i_controller/i_skew_lpsdr_clk/i_gen_stage[46].i_rvx_instance_0'. [/home/sjlee/2507_keti_bnn_riscv/rvx_install/mini_git/imp_class_info/edge-19p/xdc/donttouch_sdram.xdc:48]
WARNING: [Vivado 12-180] No cells matched 'i_platform/i_system_sdram/i_controller/i_skew_lpsdr_clk/i_gen_stage[47].i_rvx_instance_0'. [/home/sjlee/2507_keti_bnn_riscv/rvx_install/mini_git/imp_class_info/edge-19p/xdc/donttouch_sdram.xdc:49]
WARNING: [Vivado 12-180] No cells matched 'i_platform/i_system_sdram/i_controller/i_skew_lpsdr_clk/i_gen_stage[48].i_rvx_instance_0'. [/home/sjlee/2507_keti_bnn_riscv/rvx_install/mini_git/imp_class_info/edge-19p/xdc/donttouch_sdram.xdc:50]
WARNING: [Vivado 12-180] No cells matched 'i_platform/i_system_sdram/i_controller/i_skew_lpsdr_clk/i_gen_stage[49].i_rvx_instance_0'. [/home/sjlee/2507_keti_bnn_riscv/rvx_install/mini_git/imp_class_info/edge-19p/xdc/donttouch_sdram.xdc:51]
WARNING: [Vivado 12-180] No cells matched 'i_platform/i_system_sdram/i_controller/i_skew_lpsdr_clk/i_gen_stage[50].i_rvx_instance_0'. [/home/sjlee/2507_keti_bnn_riscv/rvx_install/mini_git/imp_class_info/edge-19p/xdc/donttouch_sdram.xdc:52]
WARNING: [Vivado 12-180] No cells matched 'i_platform/i_system_sdram/i_controller/i_skew_lpsdr_clk/i_gen_stage[51].i_rvx_instance_0'. [/home/sjlee/2507_keti_bnn_riscv/rvx_install/mini_git/imp_class_info/edge-19p/xdc/donttouch_sdram.xdc:53]
WARNING: [Vivado 12-180] No cells matched 'i_platform/i_system_sdram/i_controller/i_skew_lpsdr_clk/i_gen_stage[52].i_rvx_instance_0'. [/home/sjlee/2507_keti_bnn_riscv/rvx_install/mini_git/imp_class_info/edge-19p/xdc/donttouch_sdram.xdc:54]
WARNING: [Vivado 12-180] No cells matched 'i_platform/i_system_sdram/i_controller/i_skew_lpsdr_clk/i_gen_stage[53].i_rvx_instance_0'. [/home/sjlee/2507_keti_bnn_riscv/rvx_install/mini_git/imp_class_info/edge-19p/xdc/donttouch_sdram.xdc:55]
WARNING: [Vivado 12-180] No cells matched 'i_platform/i_system_sdram/i_controller/i_skew_lpsdr_clk/i_gen_stage[54].i_rvx_instance_0'. [/home/sjlee/2507_keti_bnn_riscv/rvx_install/mini_git/imp_class_info/edge-19p/xdc/donttouch_sdram.xdc:56]
WARNING: [Vivado 12-180] No cells matched 'i_platform/i_system_sdram/i_controller/i_skew_lpsdr_clk/i_gen_stage[55].i_rvx_instance_0'. [/home/sjlee/2507_keti_bnn_riscv/rvx_install/mini_git/imp_class_info/edge-19p/xdc/donttouch_sdram.xdc:57]
WARNING: [Vivado 12-180] No cells matched 'i_platform/i_system_sdram/i_controller/i_skew_lpsdr_clk/i_gen_stage[56].i_rvx_instance_0'. [/home/sjlee/2507_keti_bnn_riscv/rvx_install/mini_git/imp_class_info/edge-19p/xdc/donttouch_sdram.xdc:58]
WARNING: [Vivado 12-180] No cells matched 'i_platform/i_system_sdram/i_controller/i_skew_lpsdr_clk/i_gen_stage[57].i_rvx_instance_0'. [/home/sjlee/2507_keti_bnn_riscv/rvx_install/mini_git/imp_class_info/edge-19p/xdc/donttouch_sdram.xdc:59]
WARNING: [Vivado 12-180] No cells matched 'i_platform/i_system_sdram/i_controller/i_skew_lpsdr_clk/i_gen_stage[58].i_rvx_instance_0'. [/home/sjlee/2507_keti_bnn_riscv/rvx_install/mini_git/imp_class_info/edge-19p/xdc/donttouch_sdram.xdc:60]
WARNING: [Vivado 12-180] No cells matched 'i_platform/i_system_sdram/i_controller/i_skew_lpsdr_clk/i_gen_stage[59].i_rvx_instance_0'. [/home/sjlee/2507_keti_bnn_riscv/rvx_install/mini_git/imp_class_info/edge-19p/xdc/donttouch_sdram.xdc:61]
WARNING: [Vivado 12-180] No cells matched 'i_platform/i_system_sdram/i_controller/i_skew_lpsdr_clk/i_gen_stage[60].i_rvx_instance_0'. [/home/sjlee/2507_keti_bnn_riscv/rvx_install/mini_git/imp_class_info/edge-19p/xdc/donttouch_sdram.xdc:62]
WARNING: [Vivado 12-180] No cells matched 'i_platform/i_system_sdram/i_controller/i_skew_lpsdr_clk/i_gen_stage[61].i_rvx_instance_0'. [/home/sjlee/2507_keti_bnn_riscv/rvx_install/mini_git/imp_class_info/edge-19p/xdc/donttouch_sdram.xdc:63]
WARNING: [Vivado 12-180] No cells matched 'i_platform/i_system_sdram/i_controller/i_skew_lpsdr_clk/i_gen_stage[62].i_rvx_instance_0'. [/home/sjlee/2507_keti_bnn_riscv/rvx_install/mini_git/imp_class_info/edge-19p/xdc/donttouch_sdram.xdc:64]
WARNING: [Vivado 12-180] No cells matched 'i_platform/i_system_sdram/i_controller/i_skew_lpsdr_clk/i_gen_stage[63].i_rvx_instance_0'. [/home/sjlee/2507_keti_bnn_riscv/rvx_install/mini_git/imp_class_info/edge-19p/xdc/donttouch_sdram.xdc:65]
WARNING: [Project 1-498] One or more constraints failed evaluation while reading constraint file [/home/sjlee/2507_keti_bnn_riscv/rvx_install/mini_git/imp_class_info/edge-19p/xdc/donttouch_sdram.xdc] and the design contains unresolved black boxes. These constraints will be read post-synthesis (as long as their source constraint file is marked as used_in_implementation) and should be applied correctly then. You should review the constraints listed in the file [.Xil/TIP_HELLO_FPGA_propImpl.xdc] and check the run log file to verify that these constraints were correctly applied.
WARNING: [Project 1-498] One or more constraints failed evaluation while reading constraint file [/home/sjlee/2507_keti_bnn_riscv/rvx_install/mini_git/imp_class_info/edge-19p/xdc/config.xdc] and the design contains unresolved black boxes. These constraints will be read post-synthesis (as long as their source constraint file is marked as used_in_implementation) and should be applied correctly then. You should review the constraints listed in the file [.Xil/TIP_HELLO_FPGA_propImpl.xdc] and check the run log file to verify that these constraints were correctly applied.
WARNING: [Synth 8-3332] Sequential element (i_munoc_instance_2/i_munoc_instance_1/i_munoc_instance_0/i_rvx_instance_1/FSM_onehot_rvx_signal_6_reg[2]) is unused and will be removed from module MUNOC_MODULE_20__parameterized1.
WARNING: [Synth 8-3332] Sequential element (i_munoc_instance_2/i_munoc_instance_1/i_munoc_instance_0/i_rvx_instance_1/FSM_onehot_rvx_signal_6_reg[1]) is unused and will be removed from module MUNOC_MODULE_20__parameterized1.
WARNING: [Synth 8-3332] Sequential element (i_munoc_instance_2/i_munoc_instance_1/i_munoc_instance_0/i_rvx_instance_1/FSM_onehot_rvx_signal_6_reg[0]) is unused and will be removed from module MUNOC_MODULE_20__parameterized1.
WARNING: [Synth 8-3332] Sequential element (i_munoc_instance_2/i_munoc_instance_1/i_munoc_instance_0/i_rvx_instance_1/FSM_onehot_rvx_signal_6_reg[2]) is unused and will be removed from module MUNOC_MODULE_20.
WARNING: [Synth 8-3332] Sequential element (i_munoc_instance_2/i_munoc_instance_1/i_munoc_instance_0/i_rvx_instance_1/FSM_onehot_rvx_signal_6_reg[1]) is unused and will be removed from module MUNOC_MODULE_20.
WARNING: [Synth 8-3332] Sequential element (i_munoc_instance_2/i_munoc_instance_1/i_munoc_instance_0/i_rvx_instance_1/FSM_onehot_rvx_signal_6_reg[0]) is unused and will be removed from module MUNOC_MODULE_20.
WARNING: [Synth 8-3332] Sequential element (i_munoc_instance_2/i_munoc_instance_1/i_munoc_instance_0/i_rvx_instance_1/FSM_onehot_rvx_signal_6_reg[2]) is unused and will be removed from module MUNOC_MODULE_20__parameterized0.
WARNING: [Synth 8-3332] Sequential element (i_munoc_instance_2/i_munoc_instance_1/i_munoc_instance_0/i_rvx_instance_1/FSM_onehot_rvx_signal_6_reg[1]) is unused and will be removed from module MUNOC_MODULE_20__parameterized0.
WARNING: [Synth 8-3332] Sequential element (i_munoc_instance_2/i_munoc_instance_1/i_munoc_instance_0/i_rvx_instance_1/FSM_onehot_rvx_signal_6_reg[0]) is unused and will be removed from module MUNOC_MODULE_20__parameterized0.
WARNING: [Synth 8-3332] Sequential element (i_munoc_instance_09/FSM_onehot_munoc_port_27_reg[1]) is unused and will be removed from module MUNOC_AXI_MASTER_NETWORK_INTERFACE_MODULE_ASYNCH.
WARNING: [Vivado_Tcl 4-921] Waiver ID 'CDC-11' -to list should not be empty. [/home/sjlee/2507_keti_bnn_riscv/platform/tip_hello/fpga_component/edge-19p/xci/xilinx_ddr4_ctrl_axi128/bd_0/ip/ip_1/bd_db73_rst_0_0.xdc:50]
WARNING: [Vivado_Tcl 4-921] Waiver ID 'CDC-11' -to list should not be empty. [/home/sjlee/2507_keti_bnn_riscv/platform/tip_hello/fpga_component/edge-19p/xci/xilinx_ddr4_ctrl_axi128/bd_0/ip/ip_1/bd_db73_rst_0_0.xdc:50]
WARNING: [Constraints 18-619] A clock with name 'c1_sys_clk_p' already exists, overwriting the previous clock with the same name. [/home/sjlee/2507_keti_bnn_riscv/rvx_install/mini_git/imp_class_info/edge-19p/pinmap/ddr4-1.xdc:106]
WARNING: [Constraints 18-619] A clock with name 'c0_sys_clk_p' already exists, overwriting the previous clock with the same name. [/home/sjlee/2507_keti_bnn_riscv/rvx_install/mini_git/imp_class_info/edge-19p/pinmap/ddr4-0.xdc:108]
WARNING: [Vivado 12-646] clock 'LPSDR_CLK_FB' not found. [/home/sjlee/2507_keti_bnn_riscv/rvx_install/mini_git/imp_class_info/edge-19p/pinmap/lpsdram.xdc:154]
WARNING: [Vivado 12-646] clock 'LPSDR_CLK_FB' not found. [/home/sjlee/2507_keti_bnn_riscv/rvx_install/mini_git/imp_class_info/edge-19p/pinmap/lpsdram.xdc:155]
WARNING: [Vivado 12-646] clock 'LPSDR_CLK_FB' not found. [/home/sjlee/2507_keti_bnn_riscv/rvx_install/mini_git/imp_class_info/edge-19p/pinmap/lpsdram.xdc:156]
WARNING: [Vivado 12-646] clock 'LPSDR_CLK_FB' not found. [/home/sjlee/2507_keti_bnn_riscv/rvx_install/mini_git/imp_class_info/edge-19p/pinmap/lpsdram.xdc:157]
WARNING: [Vivado 12-646] clock 'LPSDR_CLK_FB' not found. [/home/sjlee/2507_keti_bnn_riscv/rvx_install/mini_git/imp_class_info/edge-19p/pinmap/lpsdram.xdc:158]
WARNING: [Vivado 12-646] clock 'LPSDR_CLK_FB' not found. [/home/sjlee/2507_keti_bnn_riscv/rvx_install/mini_git/imp_class_info/edge-19p/pinmap/lpsdram.xdc:159]
WARNING: [Vivado 12-646] clock 'LPSDR_CLK_FB' not found. [/home/sjlee/2507_keti_bnn_riscv/rvx_install/mini_git/imp_class_info/edge-19p/pinmap/lpsdram.xdc:160]
WARNING: [Vivado 12-646] clock 'LPSDR_CLK_FB' not found. [/home/sjlee/2507_keti_bnn_riscv/rvx_install/mini_git/imp_class_info/edge-19p/pinmap/lpsdram.xdc:161]
WARNING: [Vivado 12-646] clock 'LPSDR_CLK_FB' not found. [/home/sjlee/2507_keti_bnn_riscv/rvx_install/mini_git/imp_class_info/edge-19p/pinmap/lpsdram.xdc:162]
WARNING: [Vivado 12-646] clock 'LPSDR_CLK_FB' not found. [/home/sjlee/2507_keti_bnn_riscv/rvx_install/mini_git/imp_class_info/edge-19p/pinmap/lpsdram.xdc:163]
WARNING: [Vivado 12-508] No pins matched 'i_platform/i_rtl/i_edge_video_system/i_video/i_bufg_hdmi_rx/O'. [/home/sjlee/2507_keti_bnn_riscv/rvx_install/mini_git/imp_class_info/edge-19p/pinmap/hdmi_rx.xdc:24]
WARNING: [Vivado 12-508] No pins matched 'i_platform/i_rtl/i_edge_video_system/i_video/i_bufg_hdmi_rx/O'. [/home/sjlee/2507_keti_bnn_riscv/rvx_install/mini_git/imp_class_info/edge-19p/pinmap/hdmi_rx.xdc:25]
WARNING: [Vivado 12-508] No pins matched 'i_platform/i_pll0/i_bufg0/O'. [/home/sjlee/2507_keti_bnn_riscv/rvx_install/mini_git/imp_class_info/edge-19p/pinmap/clk_and_rst.xdc:38]
WARNING: [Vivado 12-508] No pins matched 'i_platform/i_pll0/i_bufg1/O'. [/home/sjlee/2507_keti_bnn_riscv/rvx_install/mini_git/imp_class_info/edge-19p/pinmap/clk_and_rst.xdc:39]
WARNING: [Vivado 12-1008] No clocks found for command 'get_clocks -of_objects [get_ports external_clk_1]'. [/home/sjlee/2507_keti_bnn_riscv/rvx_install/mini_git/imp_class_info/edge-19p/pinmap/clk_and_rst.xdc:49]
WARNING: [Vivado 12-1008] No clocks found for command 'get_clocks -of_objects [get_ports c3_sys_clk_p]'. [/home/sjlee/2507_keti_bnn_riscv/rvx_install/mini_git/imp_class_info/edge-19p/pinmap/clk_and_rst.xdc:55]
WARNING: [Vivado 12-180] No cells matched 'i_platform/i_system_sdram/i_controller/i_skew_lpsdr_clk/i_gen_stage[1].i_rvx_instance_0'. [/home/sjlee/2507_keti_bnn_riscv/rvx_install/mini_git/imp_class_info/edge-19p/xdc/donttouch_sdram.xdc:3]
WARNING: [Vivado 12-180] No cells matched 'i_platform/i_system_sdram/i_controller/i_skew_lpsdr_clk/i_gen_stage[2].i_rvx_instance_0'. [/home/sjlee/2507_keti_bnn_riscv/rvx_install/mini_git/imp_class_info/edge-19p/xdc/donttouch_sdram.xdc:4]
WARNING: [Vivado 12-180] No cells matched 'i_platform/i_system_sdram/i_controller/i_skew_lpsdr_clk/i_gen_stage[3].i_rvx_instance_0'. [/home/sjlee/2507_keti_bnn_riscv/rvx_install/mini_git/imp_class_info/edge-19p/xdc/donttouch_sdram.xdc:5]
WARNING: [Vivado 12-180] No cells matched 'i_platform/i_system_sdram/i_controller/i_skew_lpsdr_clk/i_gen_stage[4].i_rvx_instance_0'. [/home/sjlee/2507_keti_bnn_riscv/rvx_install/mini_git/imp_class_info/edge-19p/xdc/donttouch_sdram.xdc:6]
WARNING: [Vivado 12-180] No cells matched 'i_platform/i_system_sdram/i_controller/i_skew_lpsdr_clk/i_gen_stage[5].i_rvx_instance_0'. [/home/sjlee/2507_keti_bnn_riscv/rvx_install/mini_git/imp_class_info/edge-19p/xdc/donttouch_sdram.xdc:7]
WARNING: [Vivado 12-180] No cells matched 'i_platform/i_system_sdram/i_controller/i_skew_lpsdr_clk/i_gen_stage[6].i_rvx_instance_0'. [/home/sjlee/2507_keti_bnn_riscv/rvx_install/mini_git/imp_class_info/edge-19p/xdc/donttouch_sdram.xdc:8]
WARNING: [Vivado 12-180] No cells matched 'i_platform/i_system_sdram/i_controller/i_skew_lpsdr_clk/i_gen_stage[7].i_rvx_instance_0'. [/home/sjlee/2507_keti_bnn_riscv/rvx_install/mini_git/imp_class_info/edge-19p/xdc/donttouch_sdram.xdc:9]
WARNING: [Vivado 12-180] No cells matched 'i_platform/i_system_sdram/i_controller/i_skew_lpsdr_clk/i_gen_stage[8].i_rvx_instance_0'. [/home/sjlee/2507_keti_bnn_riscv/rvx_install/mini_git/imp_class_info/edge-19p/xdc/donttouch_sdram.xdc:10]
WARNING: [Vivado 12-180] No cells matched 'i_platform/i_system_sdram/i_controller/i_skew_lpsdr_clk/i_gen_stage[9].i_rvx_instance_0'. [/home/sjlee/2507_keti_bnn_riscv/rvx_install/mini_git/imp_class_info/edge-19p/xdc/donttouch_sdram.xdc:11]
WARNING: [Vivado 12-180] No cells matched 'i_platform/i_system_sdram/i_controller/i_skew_lpsdr_clk/i_gen_stage[10].i_rvx_instance_0'. [/home/sjlee/2507_keti_bnn_riscv/rvx_install/mini_git/imp_class_info/edge-19p/xdc/donttouch_sdram.xdc:12]
WARNING: [Vivado 12-180] No cells matched 'i_platform/i_system_sdram/i_controller/i_skew_lpsdr_clk/i_gen_stage[11].i_rvx_instance_0'. [/home/sjlee/2507_keti_bnn_riscv/rvx_install/mini_git/imp_class_info/edge-19p/xdc/donttouch_sdram.xdc:13]
WARNING: [Vivado 12-180] No cells matched 'i_platform/i_system_sdram/i_controller/i_skew_lpsdr_clk/i_gen_stage[12].i_rvx_instance_0'. [/home/sjlee/2507_keti_bnn_riscv/rvx_install/mini_git/imp_class_info/edge-19p/xdc/donttouch_sdram.xdc:14]
WARNING: [Vivado 12-180] No cells matched 'i_platform/i_system_sdram/i_controller/i_skew_lpsdr_clk/i_gen_stage[13].i_rvx_instance_0'. [/home/sjlee/2507_keti_bnn_riscv/rvx_install/mini_git/imp_class_info/edge-19p/xdc/donttouch_sdram.xdc:15]
WARNING: [Vivado 12-180] No cells matched 'i_platform/i_system_sdram/i_controller/i_skew_lpsdr_clk/i_gen_stage[14].i_rvx_instance_0'. [/home/sjlee/2507_keti_bnn_riscv/rvx_install/mini_git/imp_class_info/edge-19p/xdc/donttouch_sdram.xdc:16]
WARNING: [Vivado 12-180] No cells matched 'i_platform/i_system_sdram/i_controller/i_skew_lpsdr_clk/i_gen_stage[15].i_rvx_instance_0'. [/home/sjlee/2507_keti_bnn_riscv/rvx_install/mini_git/imp_class_info/edge-19p/xdc/donttouch_sdram.xdc:17]
WARNING: [Vivado 12-180] No cells matched 'i_platform/i_system_sdram/i_controller/i_skew_lpsdr_clk/i_gen_stage[16].i_rvx_instance_0'. [/home/sjlee/2507_keti_bnn_riscv/rvx_install/mini_git/imp_class_info/edge-19p/xdc/donttouch_sdram.xdc:18]
WARNING: [Vivado 12-180] No cells matched 'i_platform/i_system_sdram/i_controller/i_skew_lpsdr_clk/i_gen_stage[17].i_rvx_instance_0'. [/home/sjlee/2507_keti_bnn_riscv/rvx_install/mini_git/imp_class_info/edge-19p/xdc/donttouch_sdram.xdc:19]
WARNING: [Vivado 12-180] No cells matched 'i_platform/i_system_sdram/i_controller/i_skew_lpsdr_clk/i_gen_stage[18].i_rvx_instance_0'. [/home/sjlee/2507_keti_bnn_riscv/rvx_install/mini_git/imp_class_info/edge-19p/xdc/donttouch_sdram.xdc:20]
WARNING: [Vivado 12-180] No cells matched 'i_platform/i_system_sdram/i_controller/i_skew_lpsdr_clk/i_gen_stage[19].i_rvx_instance_0'. [/home/sjlee/2507_keti_bnn_riscv/rvx_install/mini_git/imp_class_info/edge-19p/xdc/donttouch_sdram.xdc:21]
WARNING: [Vivado 12-180] No cells matched 'i_platform/i_system_sdram/i_controller/i_skew_lpsdr_clk/i_gen_stage[20].i_rvx_instance_0'. [/home/sjlee/2507_keti_bnn_riscv/rvx_install/mini_git/imp_class_info/edge-19p/xdc/donttouch_sdram.xdc:22]
WARNING: [Vivado 12-180] No cells matched 'i_platform/i_system_sdram/i_controller/i_skew_lpsdr_clk/i_gen_stage[21].i_rvx_instance_0'. [/home/sjlee/2507_keti_bnn_riscv/rvx_install/mini_git/imp_class_info/edge-19p/xdc/donttouch_sdram.xdc:23]
WARNING: [Vivado 12-180] No cells matched 'i_platform/i_system_sdram/i_controller/i_skew_lpsdr_clk/i_gen_stage[22].i_rvx_instance_0'. [/home/sjlee/2507_keti_bnn_riscv/rvx_install/mini_git/imp_class_info/edge-19p/xdc/donttouch_sdram.xdc:24]
WARNING: [Vivado 12-180] No cells matched 'i_platform/i_system_sdram/i_controller/i_skew_lpsdr_clk/i_gen_stage[23].i_rvx_instance_0'. [/home/sjlee/2507_keti_bnn_riscv/rvx_install/mini_git/imp_class_info/edge-19p/xdc/donttouch_sdram.xdc:25]
WARNING: [Vivado 12-180] No cells matched 'i_platform/i_system_sdram/i_controller/i_skew_lpsdr_clk/i_gen_stage[24].i_rvx_instance_0'. [/home/sjlee/2507_keti_bnn_riscv/rvx_install/mini_git/imp_class_info/edge-19p/xdc/donttouch_sdram.xdc:26]
WARNING: [Vivado 12-180] No cells matched 'i_platform/i_system_sdram/i_controller/i_skew_lpsdr_clk/i_gen_stage[25].i_rvx_instance_0'. [/home/sjlee/2507_keti_bnn_riscv/rvx_install/mini_git/imp_class_info/edge-19p/xdc/donttouch_sdram.xdc:27]
WARNING: [Vivado 12-180] No cells matched 'i_platform/i_system_sdram/i_controller/i_skew_lpsdr_clk/i_gen_stage[26].i_rvx_instance_0'. [/home/sjlee/2507_keti_bnn_riscv/rvx_install/mini_git/imp_class_info/edge-19p/xdc/donttouch_sdram.xdc:28]
WARNING: [Vivado 12-180] No cells matched 'i_platform/i_system_sdram/i_controller/i_skew_lpsdr_clk/i_gen_stage[27].i_rvx_instance_0'. [/home/sjlee/2507_keti_bnn_riscv/rvx_install/mini_git/imp_class_info/edge-19p/xdc/donttouch_sdram.xdc:29]
WARNING: [Vivado 12-180] No cells matched 'i_platform/i_system_sdram/i_controller/i_skew_lpsdr_clk/i_gen_stage[28].i_rvx_instance_0'. [/home/sjlee/2507_keti_bnn_riscv/rvx_install/mini_git/imp_class_info/edge-19p/xdc/donttouch_sdram.xdc:30]
WARNING: [Vivado 12-180] No cells matched 'i_platform/i_system_sdram/i_controller/i_skew_lpsdr_clk/i_gen_stage[29].i_rvx_instance_0'. [/home/sjlee/2507_keti_bnn_riscv/rvx_install/mini_git/imp_class_info/edge-19p/xdc/donttouch_sdram.xdc:31]
WARNING: [Vivado 12-180] No cells matched 'i_platform/i_system_sdram/i_controller/i_skew_lpsdr_clk/i_gen_stage[30].i_rvx_instance_0'. [/home/sjlee/2507_keti_bnn_riscv/rvx_install/mini_git/imp_class_info/edge-19p/xdc/donttouch_sdram.xdc:32]
WARNING: [Vivado 12-180] No cells matched 'i_platform/i_system_sdram/i_controller/i_skew_lpsdr_clk/i_gen_stage[31].i_rvx_instance_0'. [/home/sjlee/2507_keti_bnn_riscv/rvx_install/mini_git/imp_class_info/edge-19p/xdc/donttouch_sdram.xdc:33]
WARNING: [Vivado 12-180] No cells matched 'i_platform/i_system_sdram/i_controller/i_skew_lpsdr_clk/i_gen_stage[32].i_rvx_instance_0'. [/home/sjlee/2507_keti_bnn_riscv/rvx_install/mini_git/imp_class_info/edge-19p/xdc/donttouch_sdram.xdc:34]
WARNING: [Vivado 12-180] No cells matched 'i_platform/i_system_sdram/i_controller/i_skew_lpsdr_clk/i_gen_stage[33].i_rvx_instance_0'. [/home/sjlee/2507_keti_bnn_riscv/rvx_install/mini_git/imp_class_info/edge-19p/xdc/donttouch_sdram.xdc:35]
WARNING: [Vivado 12-180] No cells matched 'i_platform/i_system_sdram/i_controller/i_skew_lpsdr_clk/i_gen_stage[34].i_rvx_instance_0'. [/home/sjlee/2507_keti_bnn_riscv/rvx_install/mini_git/imp_class_info/edge-19p/xdc/donttouch_sdram.xdc:36]
WARNING: [Vivado 12-180] No cells matched 'i_platform/i_system_sdram/i_controller/i_skew_lpsdr_clk/i_gen_stage[35].i_rvx_instance_0'. [/home/sjlee/2507_keti_bnn_riscv/rvx_install/mini_git/imp_class_info/edge-19p/xdc/donttouch_sdram.xdc:37]